<?xml version="1.0" encoding="UTF-8"?>
<!-- Generated by org.testng.reporters.JUnitReportReporter -->
<testsuite hostname="LAPTOP-NDMHF2PI" failures="0" tests="4" name="api.tests.UserTests" time="9.830" errors="0" timestamp="2024-02-19T10:53:53 IST" skipped="0">
  <testcase classname="api.tests.UserTests" name="testPostUser" time="3.403"/>
  <testcase classname="api.tests.UserTests" name="testGetUserByName" time="1.711"/>
  <testcase classname="api.tests.UserTests" name="testPutUser" time="3.157"/>
  <testcase classname="api.tests.UserTests" name="testDeleteUserByName" time="1.559"/>
</testsuite> <!-- api.tests.UserTests -->
