<?xml version="1.0" encoding="UTF-8"?>
<!-- Generated by org.testng.reporters.JUnitReportReporter -->
<testsuite hostname="LAPTOP-NDMHF2PI" failures="0" tests="6" name="api.tests.DataDrivenTests" time="13.073" errors="0" timestamp="2024-02-16T18:33:21 IST" skipped="0">
  <testcase classname="api.tests.DataDrivenTests" name="testPostUser" time="3.750"/>
  <testcase classname="api.tests.DataDrivenTests" name="testPostUser" time="2.297"/>
  <testcase classname="api.tests.DataDrivenTests" name="testPostUser" time="2.042"/>
  <testcase classname="api.tests.DataDrivenTests" name="testDeleteUserByName" time="1.698"/>
  <testcase classname="api.tests.DataDrivenTests" name="testDeleteUserByName" time="1.673"/>
  <testcase classname="api.tests.DataDrivenTests" name="testDeleteUserByName" time="1.613"/>
</testsuite> <!-- api.tests.DataDrivenTests -->
