<?xml version="1.0" encoding="UTF-8"?>
<!-- Generated by org.testng.reporters.JUnitReportReporter -->
<testsuite hostname="LAPTOP-NDMHF2PI" failures="0" tests="6" name="api.tests.DataDrivenTests" time="11.686" errors="0" timestamp="2024-02-19T11:08:13 IST" skipped="0">
  <testcase classname="api.tests.DataDrivenTests" name="testPostUser" time="1.604"/>
  <testcase classname="api.tests.DataDrivenTests" name="testPostUser" time="1.572"/>
  <testcase classname="api.tests.DataDrivenTests" name="testPostUser" time="3.147"/>
  <testcase classname="api.tests.DataDrivenTests" name="testDeleteUserByName" time="1.621"/>
  <testcase classname="api.tests.DataDrivenTests" name="testDeleteUserByName" time="1.675"/>
  <testcase classname="api.tests.DataDrivenTests" name="testDeleteUserByName" time="2.067"/>
</testsuite> <!-- api.tests.DataDrivenTests -->
