<?xml version="1.0" encoding="UTF-8"?>
<!-- Generated by org.testng.reporters.JUnitReportReporter -->
<testsuite hostname="LAPTOP-NDMHF2PI" failures="0" tests="4" name="api.tests.UserTests" time="10.346" errors="0" timestamp="2024-02-19T11:18:22 IST" skipped="0">
  <testcase classname="api.tests.UserTests" name="testPostUser" time="3.497"/>
  <testcase classname="api.tests.UserTests" name="testGetUserByName" time="1.689"/>
  <testcase classname="api.tests.UserTests" name="testPutUser" time="3.210"/>
  <testcase classname="api.tests.UserTests" name="testDeleteUserByName" time="1.950"/>
</testsuite> <!-- api.tests.UserTests -->
